<?xml version="1.0" encoding="utf-8"?>
<TestRun id="c0abd7ed-adbd-4fb7-a8e6-508cb06a8a0e" name="ashwi@EESHANVAVILALA 2026-03-17 11:49:49" runUser="EESHANVAVILALA\ashwi" xmlns="http://microsoft.com/schemas/VisualStudio/TeamTest/2010">
  <Times creation="2026-03-17T11:49:49.5788948+00:00" queuing="2026-03-17T11:49:49.5788952+00:00" start="2026-03-17T11:49:45.0716002+00:00" finish="2026-03-17T11:50:00.9662544+00:00" />
  <TestSettings name="default" id="4b73871a-da2e-41cc-a816-08257909353c">
    <Deployment runDeploymentRoot="ashwi_EESHANVAVILALA_2026-03-17_11_49_49" />
  </TestSettings>
  <Results>
    <UnitTestResult executionId="e7ca0365-3069-42e4-aeee-a59e338b4aec" testId="492cdd21-083a-1725-17b6-53884f556295" testName="NavigateToCheckboxesPageAndValidateCheckboxStateChanges" computerName="EESHANVAVILALA" duration="00:00:02.8313700" startTime="2026-03-17T11:49:52.7397029+00:00" endTime="2026-03-17T11:49:55.5710726+00:00" testType="13cdc9d9-ddb5-4fa4-a97d-d965ccfc6d4b" outcome="Passed" testListId="8c84fa94-04c1-424b-9868-57a2d4851a1d" relativeResultsDirectory="e7ca0365-3069-42e4-aeee-a59e338b4aec">
      <Output>
        <StdOut>Given I open the main page at "https://the-internet.herokuapp.com"&#xD;
-&gt; done: NavigationSteps.GivenIOpenTheMainPageAt("https://the-inter...") (1.3s)&#xD;
When I navigate to page link "Checkboxes"&#xD;
-&gt; done: NavigationSteps.WhenINavigateToPageLink("Checkboxes") (0.2s)&#xD;
Then I should be on a page with header "Checkboxes"&#xD;
-&gt; done: NavigationSteps.ThenIShouldBeOnAPageWithHeader("Checkboxes") (0.1s)&#xD;
And checkbox 1 should be unchecked&#xD;
-&gt; done: CheckboxSteps.ThenCheckboxShouldBeUnchecked(1) (0.0s)&#xD;
And checkbox 2 should be checked&#xD;
-&gt; done: CheckboxSteps.ThenCheckboxShouldBeChecked(2) (0.0s)&#xD;
When I set checkbox 1 to checked&#xD;
-&gt; done: CheckboxSteps.WhenISetCheckboxToChecked(1) (0.0s)&#xD;
Then checkbox 1 should be checked&#xD;
-&gt; done: CheckboxSteps.ThenCheckboxShouldBeChecked(1) (0.0s)</StdOut>
      </Output>
    </UnitTestResult>
    <UnitTestResult executionId="7b1a3600-74fd-4123-a09b-d5d97bf873be" testId="ee37428c-3d41-40fd-febd-60d8697bea1b" testName="FailedLoginWithInvalidCredentials" computerName="EESHANVAVILALA" duration="00:00:03.3878430" startTime="2026-03-17T11:49:46.1394337+00:00" endTime="2026-03-17T11:49:49.5272324+00:00" testType="13cdc9d9-ddb5-4fa4-a97d-d965ccfc6d4b" outcome="Passed" testListId="8c84fa94-04c1-424b-9868-57a2d4851a1d" relativeResultsDirectory="7b1a3600-74fd-4123-a09b-d5d97bf873be">
      <Output>
        <StdOut>Given I open the main page at "https://the-internet.herokuapp.com/login"&#xD;
-&gt; done: NavigationSteps.GivenIOpenTheMainPageAt("https://the-inter...") (1.5s)&#xD;
When I login with invalid credentials&#xD;
-&gt; done: LoginSteps.WhenILoginWithInvalidCredentials() (0.5s)&#xD;
Then I should see a flash message containing "Your username is invalid!"&#xD;
     Warning:&#xD;
     The component "Fluent Assertions" is governed by the rules defined in the Xceed License Agreement and&#xD;
     the Xceed Fluent Assertions Community License. You may use Fluent Assertions free of charge for&#xD;
     non-commercial use only. An active subscription is required to use Fluent Assertions for commercial use.&#xD;
&#xD;
     Please contact Xceed Sales mailto:sales@xceed.com to acquire a subscription at a very low cost.&#xD;
&#xD;
     A paid commercial license supports the development and continued increasing support of&#xD;
     Fluent Assertions users under both commercial and community licenses. Help us&#xD;
     keep Fluent Assertions at the forefront of unit testing.&#xD;
&#xD;
     For more information, visit https://xceed.com/products/unit-testing/fluent-assertions/&#xD;
-&gt; done: LoginSteps.ThenIShouldSeeAFlashMessageContaining("Your username is ...") (0.1s)</StdOut>
      </Output>
    </UnitTestResult>
    <UnitTestResult executionId="d16c7855-4983-418a-b488-eaefb0b04f61" testId="8a63357a-935f-68a1-e317-f4d244bf45e5" testName="NavigateToDropdownPageAndAssertSelectedOption" computerName="EESHANVAVILALA" duration="00:00:02.6550680" startTime="2026-03-17T11:49:55.5711384+00:00" endTime="2026-03-17T11:49:58.2262050+00:00" testType="13cdc9d9-ddb5-4fa4-a97d-d965ccfc6d4b" outcome="Passed" testListId="8c84fa94-04c1-424b-9868-57a2d4851a1d" relativeResultsDirectory="d16c7855-4983-418a-b488-eaefb0b04f61">
      <Output>
        <StdOut>Given I open the main page at "https://the-internet.herokuapp.com"&#xD;
-&gt; done: NavigationSteps.GivenIOpenTheMainPageAt("https://the-inter...") (1.3s)&#xD;
When I navigate to page link "Dropdown"&#xD;
-&gt; done: NavigationSteps.WhenINavigateToPageLink("Dropdown") (0.2s)&#xD;
Then I should be on a page with header "Dropdown List"&#xD;
-&gt; done: NavigationSteps.ThenIShouldBeOnAPageWithHeader("Dropdown List") (0.1s)&#xD;
When I select "Option 2" from dropdown&#xD;
-&gt; done: DropdownSteps.WhenISelectFromDropdown("Option 2") (0.0s)&#xD;
Then selected dropdown option should be "Option 2"&#xD;
-&gt; done: DropdownSteps.ThenSelectedDropdownOptionShouldBe("Option 2") (0.0s)</StdOut>
      </Output>
    </UnitTestResult>
    <UnitTestResult executionId="02c72d35-661c-4222-adca-eb9d67469f45" testId="00751acc-2963-8a83-a8b6-9726d329602e" testName="SuccessfulLoginWithValidCredentials" computerName="EESHANVAVILALA" duration="00:00:03.2050100" startTime="2026-03-17T11:49:49.5282306+00:00" endTime="2026-03-17T11:49:52.7332213+00:00" testType="13cdc9d9-ddb5-4fa4-a97d-d965ccfc6d4b" outcome="Passed" testListId="8c84fa94-04c1-424b-9868-57a2d4851a1d" relativeResultsDirectory="02c72d35-661c-4222-adca-eb9d67469f45">
      <Output>
        <StdOut>Given I open the main page at "https://the-internet.herokuapp.com/login"&#xD;
-&gt; done: NavigationSteps.GivenIOpenTheMainPageAt("https://the-inter...") (1.4s)&#xD;
When I login with valid credentials&#xD;
-&gt; done: LoginSteps.WhenILoginWithValidCredentials() (0.4s)&#xD;
Then I should be on a page with header "Secure Area"&#xD;
-&gt; done: NavigationSteps.ThenIShouldBeOnAPageWithHeader("Secure Area") (0.1s)&#xD;
And I should see a flash message containing "You logged into a secure area!"&#xD;
-&gt; done: LoginSteps.ThenIShouldSeeAFlashMessageContaining("You logged into a...") (0.0s)&#xD;
When I click the logout button&#xD;
-&gt; done: LoginSteps.WhenIClickTheLogoutButton() (0.2s)&#xD;
Then I should be on a page with header "Login Page"&#xD;
-&gt; done: NavigationSteps.ThenIShouldBeOnAPageWithHeader("Login Page") (0.0s)</StdOut>
      </Output>
    </UnitTestResult>
    <UnitTestResult executionId="2994f336-50b9-48d6-863d-a1e6b932ba87" testId="362750d1-6856-ad52-de09-19b9d5bbbfbd" testName="NavigateToInputsPageAndAssertFieldValue" computerName="EESHANVAVILALA" duration="00:00:02.6654770" startTime="2026-03-17T11:49:58.2262691+00:00" endTime="2026-03-17T11:50:00.8917455+00:00" testType="13cdc9d9-ddb5-4fa4-a97d-d965ccfc6d4b" outcome="Passed" testListId="8c84fa94-04c1-424b-9868-57a2d4851a1d" relativeResultsDirectory="2994f336-50b9-48d6-863d-a1e6b932ba87">
      <Output>
        <StdOut>Given I open the main page at "https://the-internet.herokuapp.com"&#xD;
-&gt; done: NavigationSteps.GivenIOpenTheMainPageAt("https://the-inter...") (1.3s)&#xD;
When I navigate to page link "Inputs"&#xD;
-&gt; done: NavigationSteps.WhenINavigateToPageLink("Inputs") (0.2s)&#xD;
Then I should be on a page with header "Inputs"&#xD;
-&gt; done: NavigationSteps.ThenIShouldBeOnAPageWithHeader("Inputs") (0.0s)&#xD;
When I enter "2026" into the number input&#xD;
-&gt; done: InputsSteps.WhenIEnterIntoTheNumberInput("2026") (0.0s)&#xD;
Then the number input value should be "2026"&#xD;
-&gt; done: InputsSteps.ThenTheNumberInputValueShouldBe("2026") (0.0s)</StdOut>
      </Output>
    </UnitTestResult>
  </Results>
  <TestDefinitions>
    <UnitTest name="NavigateToCheckboxesPageAndValidateCheckboxStateChanges" storage="c:\medeferqatechtest-assessment\reqnrolllogin.tests\bin\debug\net9.0\medeferqatechtest.dll" id="492cdd21-083a-1725-17b6-53884f556295">
      <Execution id="e7ca0365-3069-42e4-aeee-a59e338b4aec" />
      <TestMethod codeBase="C:\MedeferQATechTest-Assessment\ReqnrollLogin.Tests\bin\Debug\net9.0\MedeferQATechTest.dll" adapterTypeName="executor://nunit3testexecutor/" className="MedeferQATechTest.Features.NavigationAndAssertionsFeature" name="NavigateToCheckboxesPageAndValidateCheckboxStateChanges" />
    </UnitTest>
    <UnitTest name="SuccessfulLoginWithValidCredentials" storage="c:\medeferqatechtest-assessment\reqnrolllogin.tests\bin\debug\net9.0\medeferqatechtest.dll" id="00751acc-2963-8a83-a8b6-9726d329602e">
      <Execution id="02c72d35-661c-4222-adca-eb9d67469f45" />
      <TestMethod codeBase="C:\MedeferQATechTest-Assessment\ReqnrollLogin.Tests\bin\Debug\net9.0\MedeferQATechTest.dll" adapterTypeName="executor://nunit3testexecutor/" className="MedeferQATechTest.Features.LoginFeature" name="SuccessfulLoginWithValidCredentials" />
    </UnitTest>
    <UnitTest name="FailedLoginWithInvalidCredentials" storage="c:\medeferqatechtest-assessment\reqnrolllogin.tests\bin\debug\net9.0\medeferqatechtest.dll" id="ee37428c-3d41-40fd-febd-60d8697bea1b">
      <Execution id="7b1a3600-74fd-4123-a09b-d5d97bf873be" />
      <TestMethod codeBase="C:\MedeferQATechTest-Assessment\ReqnrollLogin.Tests\bin\Debug\net9.0\MedeferQATechTest.dll" adapterTypeName="executor://nunit3testexecutor/" className="MedeferQATechTest.Features.LoginFeature" name="FailedLoginWithInvalidCredentials" />
    </UnitTest>
    <UnitTest name="NavigateToInputsPageAndAssertFieldValue" storage="c:\medeferqatechtest-assessment\reqnrolllogin.tests\bin\debug\net9.0\medeferqatechtest.dll" id="362750d1-6856-ad52-de09-19b9d5bbbfbd">
      <Execution id="2994f336-50b9-48d6-863d-a1e6b932ba87" />
      <TestMethod codeBase="C:\MedeferQATechTest-Assessment\ReqnrollLogin.Tests\bin\Debug\net9.0\MedeferQATechTest.dll" adapterTypeName="executor://nunit3testexecutor/" className="MedeferQATechTest.Features.NavigationAndAssertionsFeature" name="NavigateToInputsPageAndAssertFieldValue" />
    </UnitTest>
    <UnitTest name="NavigateToDropdownPageAndAssertSelectedOption" storage="c:\medeferqatechtest-assessment\reqnrolllogin.tests\bin\debug\net9.0\medeferqatechtest.dll" id="8a63357a-935f-68a1-e317-f4d244bf45e5">
      <Execution id="d16c7855-4983-418a-b488-eaefb0b04f61" />
      <TestMethod codeBase="C:\MedeferQATechTest-Assessment\ReqnrollLogin.Tests\bin\Debug\net9.0\MedeferQATechTest.dll" adapterTypeName="executor://nunit3testexecutor/" className="MedeferQATechTest.Features.NavigationAndAssertionsFeature" name="NavigateToDropdownPageAndAssertSelectedOption" />
    </UnitTest>
  </TestDefinitions>
  <TestEntries>
    <TestEntry testId="492cdd21-083a-1725-17b6-53884f556295" executionId="e7ca0365-3069-42e4-aeee-a59e338b4aec" testListId="8c84fa94-04c1-424b-9868-57a2d4851a1d" />
    <TestEntry testId="ee37428c-3d41-40fd-febd-60d8697bea1b" executionId="7b1a3600-74fd-4123-a09b-d5d97bf873be" testListId="8c84fa94-04c1-424b-9868-57a2d4851a1d" />
    <TestEntry testId="8a63357a-935f-68a1-e317-f4d244bf45e5" executionId="d16c7855-4983-418a-b488-eaefb0b04f61" testListId="8c84fa94-04c1-424b-9868-57a2d4851a1d" />
    <TestEntry testId="00751acc-2963-8a83-a8b6-9726d329602e" executionId="02c72d35-661c-4222-adca-eb9d67469f45" testListId="8c84fa94-04c1-424b-9868-57a2d4851a1d" />
    <TestEntry testId="362750d1-6856-ad52-de09-19b9d5bbbfbd" executionId="2994f336-50b9-48d6-863d-a1e6b932ba87" testListId="8c84fa94-04c1-424b-9868-57a2d4851a1d" />
  </TestEntries>
  <TestLists>
    <TestList name="Results Not in a List" id="8c84fa94-04c1-424b-9868-57a2d4851a1d" />
    <TestList name="All Loaded Results" id="19431567-8539-422a-85d7-44ee4e166bda" />
  </TestLists>
  <ResultSummary outcome="Completed">
    <Counters total="5" executed="5" passed="5" failed="0" error="0" timeout="0" aborted="0" inconclusive="0" passedButRunAborted="0" notRunnable="0" notExecuted="0" disconnected="0" warning="0" completed="0" inProgress="0" pending="0" />
    <Output>
      <StdOut>NUnit Adapter 4.6.0.0: Test execution started&#xD;
Running all tests in C:\MedeferQATechTest-Assessment\ReqnrollLogin.Tests\bin\Debug\net9.0\MedeferQATechTest.dll&#xD;
   NUnit3TestExecutor discovered 5 of 5 NUnit test cases using Current Discovery mode, Non-Explicit run&#xD;
Given I open the main page at "https://the-internet.herokuapp.com/login"&#xD;
-&gt; done: NavigationSteps.GivenIOpenTheMainPageAt("https://the-inter...") (1.5s)&#xD;
When I login with invalid credentials&#xD;
-&gt; done: LoginSteps.WhenILoginWithInvalidCredentials() (0.5s)&#xD;
Then I should see a flash message containing "Your username is invalid!"&#xD;
     Warning:&#xD;
     The component "Fluent Assertions" is governed by the rules defined in the Xceed License Agreement and&#xD;
     the Xceed Fluent Assertions Community License. You may use Fluent Assertions free of charge for&#xD;
     non-commercial use only. An active subscription is required to use Fluent Assertions for commercial use.&#xD;
&#xD;
     Please contact Xceed Sales mailto:sales@xceed.com to acquire a subscription at a very low cost.&#xD;
&#xD;
     A paid commercial license supports the development and continued increasing support of&#xD;
     Fluent Assertions users under both commercial and community licenses. Help us&#xD;
     keep Fluent Assertions at the forefront of unit testing.&#xD;
&#xD;
     For more information, visit https://xceed.com/products/unit-testing/fluent-assertions/&#xD;
-&gt; done: LoginSteps.ThenIShouldSeeAFlashMessageContaining("Your username is ...") (0.1s)&#xD;
&#xD;
Given I open the main page at "https://the-internet.herokuapp.com/login"&#xD;
-&gt; done: NavigationSteps.GivenIOpenTheMainPageAt("https://the-inter...") (1.4s)&#xD;
When I login with valid credentials&#xD;
-&gt; done: LoginSteps.WhenILoginWithValidCredentials() (0.4s)&#xD;
Then I should be on a page with header "Secure Area"&#xD;
-&gt; done: NavigationSteps.ThenIShouldBeOnAPageWithHeader("Secure Area") (0.1s)&#xD;
And I should see a flash message containing "You logged into a secure area!"&#xD;
-&gt; done: LoginSteps.ThenIShouldSeeAFlashMessageContaining("You logged into a...") (0.0s)&#xD;
When I click the logout button&#xD;
-&gt; done: LoginSteps.WhenIClickTheLogoutButton() (0.2s)&#xD;
Then I should be on a page with header "Login Page"&#xD;
-&gt; done: NavigationSteps.ThenIShouldBeOnAPageWithHeader("Login Page") (0.0s)&#xD;
&#xD;
Given I open the main page at "https://the-internet.herokuapp.com"&#xD;
-&gt; done: NavigationSteps.GivenIOpenTheMainPageAt("https://the-inter...") (1.3s)&#xD;
When I navigate to page link "Checkboxes"&#xD;
-&gt; done: NavigationSteps.WhenINavigateToPageLink("Checkboxes") (0.2s)&#xD;
Then I should be on a page with header "Checkboxes"&#xD;
-&gt; done: NavigationSteps.ThenIShouldBeOnAPageWithHeader("Checkboxes") (0.1s)&#xD;
And checkbox 1 should be unchecked&#xD;
-&gt; done: CheckboxSteps.ThenCheckboxShouldBeUnchecked(1) (0.0s)&#xD;
And checkbox 2 should be checked&#xD;
-&gt; done: CheckboxSteps.ThenCheckboxShouldBeChecked(2) (0.0s)&#xD;
When I set checkbox 1 to checked&#xD;
-&gt; done: CheckboxSteps.WhenISetCheckboxToChecked(1) (0.0s)&#xD;
Then checkbox 1 should be checked&#xD;
-&gt; done: CheckboxSteps.ThenCheckboxShouldBeChecked(1) (0.0s)&#xD;
&#xD;
Given I open the main page at "https://the-internet.herokuapp.com"&#xD;
-&gt; done: NavigationSteps.GivenIOpenTheMainPageAt("https://the-inter...") (1.3s)&#xD;
When I navigate to page link "Dropdown"&#xD;
-&gt; done: NavigationSteps.WhenINavigateToPageLink("Dropdown") (0.2s)&#xD;
Then I should be on a page with header "Dropdown List"&#xD;
-&gt; done: NavigationSteps.ThenIShouldBeOnAPageWithHeader("Dropdown List") (0.1s)&#xD;
When I select "Option 2" from dropdown&#xD;
-&gt; done: DropdownSteps.WhenISelectFromDropdown("Option 2") (0.0s)&#xD;
Then selected dropdown option should be "Option 2"&#xD;
-&gt; done: DropdownSteps.ThenSelectedDropdownOptionShouldBe("Option 2") (0.0s)&#xD;
&#xD;
Given I open the main page at "https://the-internet.herokuapp.com"&#xD;
-&gt; done: NavigationSteps.GivenIOpenTheMainPageAt("https://the-inter...") (1.3s)&#xD;
When I navigate to page link "Inputs"&#xD;
-&gt; done: NavigationSteps.WhenINavigateToPageLink("Inputs") (0.2s)&#xD;
Then I should be on a page with header "Inputs"&#xD;
-&gt; done: NavigationSteps.ThenIShouldBeOnAPageWithHeader("Inputs") (0.0s)&#xD;
When I enter "2026" into the number input&#xD;
-&gt; done: InputsSteps.WhenIEnterIntoTheNumberInput("2026") (0.0s)&#xD;
Then the number input value should be "2026"&#xD;
-&gt; done: InputsSteps.ThenTheNumberInputValueShouldBe("2026") (0.0s)&#xD;
&#xD;
NUnit Adapter 4.6.0.0: Test execution complete&#xD;
</StdOut>
    </Output>
  </ResultSummary>
</TestRun>